<?xml version="1.0" encoding="UTF-8"?>
<!-- Generated by org.testng.reporters.JUnitReportReporter -->
<testsuite hostname="LAPTOP-A3ONQS5O" failures="0" tests="1" name="practice.Alloptionsdropdown" time="88.904" errors="0" timestamp="2021-03-14T16:23:48 IST" skipped="0">
  <testcase classname="practice.Alloptionsdropdown" name="alldata" time="88.904"/>
  <system-out/>
</testsuite> <!-- practice.Alloptionsdropdown -->
