<?xml version="1.0" encoding="UTF-8"?>
<!-- Generated by org.testng.reporters.JUnitReportReporter -->
<testsuite hostname="LAPTOP-A3ONQS5O" failures="0" tests="1" name="practice.Calenderwindowtest" time="96.735" errors="0" timestamp="2021-03-06T15:50:03 IST" skipped="0">
  <testcase classname="practice.Calenderwindowtest" name="calender" time="96.735"/>
  <system-out/>
</testsuite> <!-- practice.Calenderwindowtest -->
