<?xml version="1.0" encoding="UTF-8"?>
<!-- Generated by org.testng.reporters.JUnitReportReporter -->
<testsuite hostname="LAPTOP-A3ONQS5O" failures="0" tests="1" name="com.vitger.creatrnewproduct.Createproductwithoutactive" time="37.896" errors="0" timestamp="2021-03-04T00:40:26 IST" skipped="0">
  <testcase classname="com.vitger.creatrnewproduct.Createproductwithoutactive" name="createProductWithoutActive" time="37.896"/>
  <system-out/>
</testsuite> <!-- com.vitger.creatrnewproduct.Createproductwithoutactive -->
