<?xml version="1.0" encoding="UTF-8"?>
<!-- Generated by org.testng.reporters.JUnitReportReporter -->
<testsuite hostname="LAPTOP-A3ONQS5O" failures="0" tests="1" name="practice.Dynamicwebtabel" time="53.397" errors="0" timestamp="2021-03-07T13:35:42 IST" skipped="0">
  <testcase classname="practice.Dynamicwebtabel" name="capturedaynamicwebtable" time="53.397"/>
  <system-out/>
</testsuite> <!-- practice.Dynamicwebtabel -->
