<?xml version="1.0" encoding="UTF-8"?>
<!-- Generated by org.testng.reporters.JUnitReportReporter -->
<testsuite hostname="LAPTOP-A3ONQS5O" failures="0" tests="1" name="practice.Dropdownwithoutselect" time="73.555" errors="0" timestamp="2021-03-14T11:44:27 IST" skipped="0">
  <testcase classname="practice.Dropdownwithoutselect" name="withoutselect" time="73.555"/>
  <system-out/>
</testsuite> <!-- practice.Dropdownwithoutselect -->
