<?xml version="1.0" encoding="UTF-8"?>
<!-- Generated by org.testng.reporters.JUnitReportReporter -->
<testsuite hostname="LAPTOP-A3ONQS5O" failures="0" tests="1" name="practice.Isdisplayd" time="12.356" errors="0" timestamp="2021-03-14T17:04:12 IST" skipped="0">
  <testcase classname="practice.Isdisplayd" name="isdisplayedornot" time="12.356"/>
  <system-out/>
</testsuite> <!-- practice.Isdisplayd -->
