<?xml version="1.0" encoding="UTF-8"?>
<!-- Generated by org.testng.reporters.JUnitReportReporter -->
<testsuite hostname="LAPTOP-A3ONQS5O" failures="0" tests="1" name="practice.Browser1" time="36.486" errors="0" timestamp="2021-02-28T00:33:55 IST" skipped="0">
  <testcase classname="practice.Browser1" name="testdata" time="36.486"/>
  <system-out/>
</testsuite> <!-- practice.Browser1 -->
