<?xml version="1.0" encoding="UTF-8"?>
<!-- Generated by org.testng.reporters.JUnitReportReporter -->
<testsuite hostname="LAPTOP-A3ONQS5O" failures="0" tests="1" name="com.vitger.testcaseforproduct.Createproductwitfileld" time="50.027" errors="0" timestamp="2021-02-28T19:03:19 IST" skipped="0">
  <testcase classname="com.vitger.testcaseforproduct.Createproductwitfileld" name="createproductwitfild" time="50.027"/>
  <system-out/>
</testsuite> <!-- com.vitger.testcaseforproduct.Createproductwitfileld -->
