<?xml version="1.0" encoding="UTF-8"?>
<!-- Generated by org.testng.reporters.JUnitReportReporter -->
<testsuite hostname="LAPTOP-A3ONQS5O" failures="0" tests="2" name="com.vitger.testcaseforproduct.Combinesmokeandregression1" time="57.985" errors="0" timestamp="2021-03-06T15:12:10 IST" skipped="0">
  <testcase classname="com.vitger.testcaseforproduct.Combinesmokeandregression1" name="createtestcaseproduct1" time="33.998"/>
  <system-out/>
  <testcase classname="com.vitger.testcaseforproduct.Combinesmokeandregression1" name="createproductwitactiveandverify" time="23.987"/>
  <system-out/>
</testsuite> <!-- com.vitger.testcaseforproduct.Combinesmokeandregression1 -->
