<?xml version="1.0" encoding="UTF-8"?>
<!-- Generated by org.testng.reporters.JUnitReportReporter -->
<testsuite hostname="LAPTOP-A3ONQS5O" failures="0" tests="1" name="practice.Keyevent1" time="136.231" errors="0" timestamp="2021-03-14T17:21:50 IST" skipped="0">
  <testcase classname="practice.Keyevent1" name="title" time="136.231"/>
  <system-out/>
</testsuite> <!-- practice.Keyevent1 -->
