<?xml version="1.0" encoding="UTF-8"?>
<!-- Generated by org.testng.reporters.JUnitReportReporter -->
<testsuite hostname="LAPTOP-A3ONQS5O" failures="0" tests="1" name="practice.Class" time="126.396" errors="0" timestamp="2021-03-06T23:11:42 IST" skipped="0">
  <testcase classname="practice.Class" name="test" time="126.396"/>
  <system-out/>
</testsuite> <!-- practice.Class -->
