<?xml version="1.0" encoding="UTF-8"?>
<!-- Generated by org.testng.reporters.JUnitReportReporter -->
<testsuite hostname="LAPTOP-A3ONQS5O" failures="0" tests="1" name="com.vitger.creatrnewproduct.Createproduct" time="49.613" errors="0" timestamp="2021-03-15T10:27:40 IST" skipped="0">
  <testcase classname="com.vitger.creatrnewproduct.Createproduct" name="createproduct" time="49.613"/>
  <system-out/>
</testsuite> <!-- com.vitger.creatrnewproduct.Createproduct -->
