<?xml version="1.0" encoding="UTF-8"?>
<!-- Generated by org.testng.reporters.JUnitReportReporter -->
<testsuite hostname="LAPTOP-A3ONQS5O" failures="0" tests="1" name="practice.Evendropdown" time="10.464" errors="0" timestamp="2021-03-15T10:14:15 IST" skipped="0">
  <testcase classname="practice.Evendropdown" name="evendropdown" time="10.464"/>
  <system-out/>
</testsuite> <!-- practice.Evendropdown -->
