<?xml version="1.0" encoding="UTF-8"?>
<!-- Generated by org.testng.reporters.JUnitReportReporter -->
<testsuite hostname="LAPTOP-A3ONQS5O" failures="0" tests="1" name="com.vitger.testcaseforproduct.Createproductwithoutactive" time="61.617" errors="0" timestamp="2021-03-02T00:31:23 IST" skipped="0">
  <testcase classname="com.vitger.testcaseforproduct.Createproductwithoutactive" name="createproductwithoutactive" time="61.617"/>
  <system-out/>
</testsuite> <!-- com.vitger.testcaseforproduct.Createproductwithoutactive -->
