<?xml version="1.0" encoding="UTF-8"?>
<!-- Generated by org.testng.reporters.JUnitReportReporter -->
<testsuite hostname="LAPTOP-A3ONQS5O" failures="0" tests="1" name="com.vitger.creatrnewproduct.Createproductwithactive" time="33.310" errors="0" timestamp="2021-03-04T00:41:42 IST" skipped="0">
  <testcase classname="com.vitger.creatrnewproduct.Createproductwithactive" name="createProductWithActive" time="33.310"/>
  <system-out/>
</testsuite> <!-- com.vitger.creatrnewproduct.Createproductwithactive -->
