<?xml version="1.0" encoding="UTF-8"?>
<!-- Generated by org.testng.reporters.JUnitReportReporter -->
<testsuite hostname="LAPTOP-A3ONQS5O" failures="0" tests="3" name="practice.DataproviderBasic" time="0.010" errors="0" timestamp="2021-03-10T22:53:30 IST" skipped="0">
  <testcase classname="practice.DataproviderBasic" name="sampledata" time="0.006"/>
  <system-out/>
  <testcase classname="practice.DataproviderBasic" name="sampledata" time="0.002"/>
  <system-out/>
  <testcase classname="practice.DataproviderBasic" name="sampledata" time="0.002"/>
  <system-out/>
</testsuite> <!-- practice.DataproviderBasic -->
