<?xml version="1.0" encoding="UTF-8"?>
<!-- Generated by org.testng.reporters.JUnitReportReporter -->
<testsuite hostname="LAPTOP-A3ONQS5O" failures="0" tests="1" name="practice.Duplicatedropdown" time="22.879" errors="0" timestamp="2021-03-15T09:52:04 IST" skipped="0">
  <testcase classname="practice.Duplicatedropdown" name="findduplicate" time="22.879"/>
  <system-out/>
</testsuite> <!-- practice.Duplicatedropdown -->
