<?xml version="1.0" encoding="UTF-8"?>
<!-- Generated by org.testng.reporters.JUnitReportReporter -->
<testsuite hostname="LAPTOP-A3ONQS5O" failures="0" tests="1" name="practice.Heoghtchk" time="17.159" errors="0" timestamp="2021-03-14T16:16:55 IST" skipped="0">
  <testcase classname="practice.Heoghtchk" name="heighttext" time="17.159"/>
  <system-out/>
</testsuite> <!-- practice.Heoghtchk -->
