<?xml version="1.0" encoding="UTF-8"?>
<!-- Generated by org.testng.reporters.JUnitReportReporter -->
<testsuite hostname="LAPTOP-A3ONQS5O" failures="0" tests="1" name="com.vitger.testcaseforproduct.Ceateproductwithactive3" time="35.431" errors="0" timestamp="2021-03-02T10:49:17 IST" skipped="0">
  <testcase classname="com.vitger.testcaseforproduct.Ceateproductwithactive3" name="createproductwithactive" time="35.431"/>
  <system-out/>
</testsuite> <!-- com.vitger.testcaseforproduct.Ceateproductwithactive3 -->
